  GAudio.cpp
  C:\Program Files (x86)\Microsoft DirectX SDK (June 2010)\Include\dinput.h: DIRECTINPUT_VERSION undefined. Defaulting to version 0x0800
  GCamera.cpp
  C:\Program Files (x86)\Microsoft DirectX SDK (June 2010)\Include\dinput.h: DIRECTINPUT_VERSION undefined. Defaulting to version 0x0800
G:\Github\Game2020Plus\Template\Template\CastleVania\GCamera.cpp(6,15): warning C4244: '=': conversion from 'int' to 'FLOAT', possible loss of data
G:\Github\Game2020Plus\Template\Template\CastleVania\GCamera.cpp(22,22): warning C4244: 'argument': conversion from 'int' to 'FLOAT', possible loss of data
G:\Github\Game2020Plus\Template\Template\CastleVania\GCamera.cpp(22,19): warning C4244: 'argument': conversion from 'int' to 'FLOAT', possible loss of data
G:\Github\Game2020Plus\Template\Template\CastleVania\GCamera.cpp(32,42): warning C4244: 'argument': conversion from 'int' to 'FLOAT', possible loss of data
G:\Github\Game2020Plus\Template\Template\CastleVania\GCamera.cpp(32,37): warning C4244: 'argument': conversion from 'int' to 'FLOAT', possible loss of data
  dsutil.cpp
  SceneMain.cpp
  C:\Program Files (x86)\Microsoft DirectX SDK (June 2010)\Include\dinput.h: DIRECTINPUT_VERSION undefined. Defaulting to version 0x0800
  Game.cpp
  C:\Program Files (x86)\Microsoft DirectX SDK (June 2010)\Include\dinput.h: DIRECTINPUT_VERSION undefined. Defaulting to version 0x0800
  Global.cpp
  C:\Program Files (x86)\Microsoft DirectX SDK (June 2010)\Include\dinput.h: DIRECTINPUT_VERSION undefined. Defaulting to version 0x0800
  main.cpp
  C:\Program Files (x86)\Microsoft DirectX SDK (June 2010)\Include\dinput.h: DIRECTINPUT_VERSION undefined. Defaulting to version 0x0800
  GSprite.cpp
  C:\Program Files (x86)\Microsoft DirectX SDK (June 2010)\Include\dinput.h: DIRECTINPUT_VERSION undefined. Defaulting to version 0x0800
G:\Github\Game2020Plus\Template\Template\CastleVania\GSprite.cpp(91,17): warning C4244: '=': conversion from 'int' to 'float', possible loss of data
G:\Github\Game2020Plus\Template\Template\CastleVania\GSprite.cpp(92,17): warning C4244: '=': conversion from 'int' to 'float', possible loss of data
G:\Github\Game2020Plus\Template\Template\CastleVania\GSprite.cpp(108,67): warning C4244: 'argument': conversion from 'int' to 'FLOAT', possible loss of data
G:\Github\Game2020Plus\Template\Template\CastleVania\GSprite.cpp(108,37): warning C4244: 'argument': conversion from 'int' to 'FLOAT', possible loss of data
G:\Github\Game2020Plus\Template\Template\CastleVania\GSprite.cpp(127,67): warning C4244: 'argument': conversion from 'int' to 'FLOAT', possible loss of data
G:\Github\Game2020Plus\Template\Template\CastleVania\GSprite.cpp(127,37): warning C4244: 'argument': conversion from 'int' to 'FLOAT', possible loss of data
G:\Github\Game2020Plus\Template\Template\CastleVania\GSprite.cpp(162,17): warning C4244: '=': conversion from 'int' to 'float', possible loss of data
G:\Github\Game2020Plus\Template\Template\CastleVania\GSprite.cpp(163,17): warning C4244: '=': conversion from 'int' to 'float', possible loss of data
  GTexture.cpp
  C:\Program Files (x86)\Microsoft DirectX SDK (June 2010)\Include\dinput.h: DIRECTINPUT_VERSION undefined. Defaulting to version 0x0800
G:\Github\Game2020Plus\Template\Template\CastleVania\GTexture.cpp(43,22): warning C4838: conversion from 'UINT' to 'LONG' requires a narrowing conversion
G:\Github\Game2020Plus\Template\Template\CastleVania\GTexture.cpp(43,34): warning C4838: conversion from 'UINT' to 'LONG' requires a narrowing conversion
  Utils.cpp
  Generating Code...
G:\Github\Game2020Plus\Template\Template\CastleVania\Game.cpp(58): warning C4715: 'CGame::InitWindow': not all control paths return a value
  CastleVania.vcxproj -> G:\Github\Game2020Plus\Template\Template\Debug\CastleVania.exe
